        -:    0:Source:/mnt/d/Facultate/Anul 1 Sem 2/OOP/Lab/Lab 6-7/vector_dinamic/lista.h
        -:    0:Graph:/mnt/d/Facultate/Anul 1 Sem 2/OOP/Lab/Lab 6-7/cmake-build-debug-coverage/CMakeFiles/Lab_6_7.dir/service/carte_service.cpp.gcno
        -:    0:Data:/mnt/d/Facultate/Anul 1 Sem 2/OOP/Lab/Lab 6-7/cmake-build-debug-coverage/CMakeFiles/Lab_6_7.dir/service/carte_service.cpp.gcda
        -:    0:Runs:1
        -:    1:#ifndef LAB_6_7_LISTA_H
        -:    2:#define LAB_6_7_LISTA_H
        -:    3:
        -:    4:#include <stdexcept>
        -:    5:
        -:    6:template <typename T>
        -:    7:class Lista {
        -:    8:private:
        -:    9:    T *elemente;
        -:   10:    int lungime;
        -:   11:    int capacitate;
        -:   12:
        -:   13:public:
        -:   14:    using value_type = T;
        -:   15:
        -:   16:    /**
        -:   17:     * Constructorul clasei Lista
        -:   18:     * @param cap Capacitatea initiala a listei
        -:   19:     */
function _ZN5ListaI5CarteEC2Ei called 0 returned 0% blocks executed 0%
    #####:   20:    Lista(int cap = 10) : lungime(0), capacitate(cap) {
    #####:   21:        elemente = new T[capacitate];
    %%%%%:   21-block  0
branch  0 never executed (fallthrough)
branch  1 never executed
    %%%%%:   21-block  1
    %%%%%:   21-block  2
    %%%%%:   21-block  3
call    2 never executed
    %%%%%:   21-block  4
call    3 never executed
    %%%%%:   21-block  5
branch  4 never executed
branch  5 never executed (fallthrough)
    #####:   22:    }
        -:   23:
        -:   24:    /**
        -:   25:     * Destructorul clasei Lista
        -:   26:     */
function _ZN5ListaI5CarteED2Ev called 0 returned 0% blocks executed 0%
    #####:   27:    ~Lista() {
    #####:   28:        delete[] elemente;
    %%%%%:   28-block  0
branch  0 never executed (fallthrough)
branch  1 never executed
    %%%%%:   28-block  1
    %%%%%:   28-block  2
branch  2 never executed (fallthrough)
branch  3 never executed
    %%%%%:   28-block  3
call    4 never executed
    %%%%%:   28-block  4
call    5 never executed
    #####:   29:    }
        -:   30:
        -:   31:    /**
        -:   32:     * Constructor de copiere
        -:   33:     * @param other Lista de copiat
        -:   34:     */
function _ZN5ListaI5CarteEC2ERKS1_ called 0 returned 0% blocks executed 0%
    #####:   35:    Lista(const Lista &other) : lungime(other.lungime), capacitate(other.capacitate) {
    #####:   36:        elemente = new T[capacitate];
    %%%%%:   36-block  0
branch  0 never executed (fallthrough)
branch  1 never executed
    %%%%%:   36-block  1
    %%%%%:   36-block  2
    %%%%%:   36-block  3
call    2 never executed
    %%%%%:   36-block  4
call    3 never executed
    %%%%%:   36-block  5
branch  4 never executed
branch  5 never executed (fallthrough)
    #####:   37:        for (int i = 0; i < lungime; ++i) {
    %%%%%:   37-block  0
    %%%%%:   37-block  1
branch  0 never executed
branch  1 never executed (fallthrough)
    #####:   38:            elemente[i] = other.elemente[i];
    %%%%%:   38-block  0
call    0 never executed
        -:   39:        }
    #####:   40:    }
        -:   41:
        -:   42:    /**
        -:   43:     * Operator de atribuire
        -:   44:     * @param other Lista de copiat
        -:   45:     * @return Lista curenta
        -:   46:     */
        -:   47:    Lista& operator=(const Lista &other) {
        -:   48:        if (this != &other) {
        -:   49:            delete[] elemente;
        -:   50:            lungime = other.lungime;
        -:   51:            capacitate = other.capacitate;
        -:   52:            elemente = new T[capacitate];
        -:   53:            for (int i = 0; i < lungime; ++i) {
        -:   54:                elemente[i] = other.elemente[i];
        -:   55:            }
        -:   56:        }
        -:   57:        return *this;
        -:   58:    }
        -:   59:
        -:   60:    /**
        -:   61:     * Redimensioneaza lista pentru a avea o capacitate mai mare
        -:   62:     */
function _ZN5ListaI5CarteE15redimensioneazaEv called 0 returned 0% blocks executed 0%
    #####:   63:    void redimensioneaza() {
    #####:   64:        capacitate *= 2;
    #####:   65:        T *nou = new T[capacitate];
    %%%%%:   65-block  0
branch  0 never executed (fallthrough)
branch  1 never executed
    %%%%%:   65-block  1
    %%%%%:   65-block  2
    %%%%%:   65-block  3
call    2 never executed
    %%%%%:   65-block  4
call    3 never executed
    %%%%%:   65-block  5
branch  4 never executed
branch  5 never executed (fallthrough)
    #####:   66:        for (int i = 0; i < lungime; ++i) {
    %%%%%:   66-block  0
    %%%%%:   66-block  1
branch  0 never executed
branch  1 never executed (fallthrough)
    #####:   67:            nou[i] = elemente[i];
    %%%%%:   67-block  0
call    0 never executed
        -:   68:        }
    #####:   69:        delete[] elemente;
    %%%%%:   69-block  0
branch  0 never executed (fallthrough)
branch  1 never executed
    %%%%%:   69-block  1
    %%%%%:   69-block  2
branch  2 never executed (fallthrough)
branch  3 never executed
    %%%%%:   69-block  3
call    4 never executed
    %%%%%:   69-block  4
call    5 never executed
    #####:   70:        elemente = nou;
    #####:   71:    }
        -:   72:
        -:   73:    /**
        -:   74:     * Adauga un element in lista
        -:   75:     * @param element Elementul de adaugat
        -:   76:     */
function _ZN5ListaI5CarteE9push_backERKS0_ called 0 returned 0% blocks executed 0%
    #####:   77:    void push_back(const T &element) {
    #####:   78:        if (exista(element)) {
    %%%%%:   78-block  0
call    0 never executed
branch  1 never executed (fallthrough)
branch  2 never executed
    #####:   79:            throw std::runtime_error("Elementul exista deja in lista.");
    %%%%%:   79-block  0
call    0 never executed
call    1 never executed
branch  2 never executed (fallthrough)
branch  3 never executed (throw)
    %%%%%:   79-block  1
call    4 never executed
    $$$$$:   79-block  2
call    5 never executed
        -:   80:        }
        -:   81:
    #####:   82:        if (lungime == capacitate) {
    %%%%%:   82-block  0
branch  0 never executed (fallthrough)
branch  1 never executed
    #####:   83:            redimensioneaza();
    %%%%%:   83-block  0
call    0 never executed
        -:   84:        }
        -:   85:
    #####:   86:        elemente[lungime++] = element;
    %%%%%:   86-block  0
call    0 never executed
    #####:   87:    }
        -:   88:
        -:   89:    /**
        -:   90:     * Verifica daca un element exista in lista
        -:   91:     * @param element Elementul de cautat
        -:   92:     * @return True daca elementul exista, false altfel
        -:   93:     */
function _ZNK5ListaI5CarteE6existaERKS0_ called 0 returned 0% blocks executed 0%
    #####:   94:    bool exista(const T &element) const {
    #####:   95:        for (int i = 0; i < lungime; ++i) {
    %%%%%:   95-block  0
    %%%%%:   95-block  1
    %%%%%:   95-block  2
branch  0 never executed
branch  1 never executed (fallthrough)
    #####:   96:            if (elemente[i] == element) {
    %%%%%:   96-block  0
call    0 never executed
branch  1 never executed (fallthrough)
branch  2 never executed
    #####:   97:                return true;
    %%%%%:   97-block  0
        -:   98:            }
        -:   99:        }
    #####:  100:        return false;
    %%%%%:  100-block  0
        -:  101:    }
        -:  102:
        -:  103:    /**
        -:  104:     * Sterge un element din lista
        -:  105:     * @param element Elementul de sters
        -:  106:     * @return True daca elementul a fost sters, false altfel
        -:  107:     */
        -:  108:    bool sterge(const T &element) {
        -:  109:        for (int i = 0; i < lungime; ++i) {
        -:  110:            if (elemente[i] == element) {
        -:  111:                for (int j = i; j < lungime - 1; ++j) {
        -:  112:                    elemente[j] = elemente[j + 1];
        -:  113:                }
        -:  114:                --lungime;
        -:  115:                return true;
        -:  116:            }
        -:  117:        }
        -:  118:        throw std::runtime_error("Elementul nu a fost gasit in lista.");
        -:  119:    }
        -:  120:
        -:  121:    /**
        -:  122:     * Returneaza dimensiunea listei
        -:  123:     * @return Dimensiunea listei
        -:  124:     */
function _ZNK5ListaI5CarteE7getSizeEv called 0 returned 0% blocks executed 0%
    #####:  125:    int getSize() const {
    #####:  126:        return lungime;
    %%%%%:  126-block  0
        -:  127:    }
        -:  128:
        -:  129:    /**
        -:  130:     * Suprascrierea operatorului de indexare
        -:  131:     * @param index Indexul elementului
        -:  132:     * @return Elementul de la indexul dat
        -:  133:     */
        -:  134:    const T& operator[](int index) const {
        -:  135:        if (index < 0 || index >= lungime) {
        -:  136:            throw std::out_of_range("Index invalid.");
        -:  137:        }
        -:  138:        return elemente[index];
        -:  139:    }
        -:  140:
        -:  141:    /**
        -:  142:     * Inceputul listei
        -:  143:     * @return Pointer la inceputul listei
        -:  144:     */
function _ZNK5ListaI5CarteE5beginEv called 0 returned 0% blocks executed 0%
    #####:  145:    const T* begin() const {
    #####:  146:        return elemente;
    %%%%%:  146-block  0
        -:  147:    }
        -:  148:
        -:  149:    /**
        -:  150:     * Sfarsitul listei
        -:  151:     * @return Pointer la sfarsitul listei
        -:  152:     */
function _ZNK5ListaI5CarteE3endEv called 0 returned 0% blocks executed 0%
    #####:  153:    const value_type* end() const {
    #####:  154:        return elemente + lungime;
    %%%%%:  154-block  0
        -:  155:    }
        -:  156:
        -:  157:    /**
        -:  158:     * Inceputul listei
        -:  159:     * @return Pointer la inceputul listei
        -:  160:     */
function _ZN5ListaI5CarteE5beginEv called 0 returned 0% blocks executed 0%
    #####:  161:    T* begin() {
    #####:  162:        return elemente;
    %%%%%:  162-block  0
        -:  163:    }
        -:  164:
        -:  165:    /**
        -:  166:     * Sfarsitul listei
        -:  167:     * @return Pointer la sfarsitul listei
        -:  168:     */
function _ZN5ListaI5CarteE3endEv called 0 returned 0% blocks executed 0%
    #####:  169:    T* end() {
    #####:  170:        return elemente + lungime;
    %%%%%:  170-block  0
        -:  171:    }
        -:  172:
        -:  173:    /**
        -:  174:     * Getter pentru vectorul de elemente
        -:  175:     * @return Vectorul de elemente
        -:  176:     */
function _ZN5ListaI5CarteE9getVectorEv called 8 returned 100% blocks executed 100%
        8:  177:    T* getVector() {
        8:  178:        return elemente;
        8:  178-block  0
        -:  179:    }
        -:  180:};
        -:  181:
        -:  182:#endif //LAB_6_7_LISTA_H
