        -:    0:Source:/mnt/d/Facultate/Anul 1 Sem 2/OOP/Lab/lab2-4/validator/validator.c
        -:    0:Graph:/mnt/d/Facultate/Anul 1 Sem 2/OOP/Lab/lab2-4/cmake-build-debug-coverage/CMakeFiles/lab2_4.dir/validator/validator.c.gcno
        -:    0:Data:/mnt/d/Facultate/Anul 1 Sem 2/OOP/Lab/lab2-4/cmake-build-debug-coverage/CMakeFiles/lab2_4.dir/validator/validator.c.gcda
        -:    0:Runs:1
        -:    1:#include "validator.h"
        -:    2:#include <string.h>
        -:    3:
function validare_adresa called 9 returned 100% blocks executed 100%
        9:    4:int validare_adresa(char *adresa) {
        9:    5:    if (strcmp(adresa, "") == 0)
        9:    5-block  0
branch  0 taken 1 (fallthrough)
branch  1 taken 8
        1:    6:        return 0;
        1:    6-block  0
        8:    7:    return 1;
        8:    7-block  0
        -:    8:}
        -:    9:
function validare_pret called 9 returned 100% blocks executed 100%
        9:   10:int validare_pret(int pret) {
        9:   11:    if (pret < 0)
        9:   11-block  0
branch  0 taken 1 (fallthrough)
branch  1 taken 8
        1:   12:        return 0;
        1:   12-block  0
        8:   13:    return 1;
        8:   13-block  0
        -:   14:}
        -:   15:
function validare_tip called 13 returned 100% blocks executed 100%
       13:   16:int validare_tip(char *tip) {
       13:   17:    if (strcmp(tip, "") == 0)
       13:   17-block  0
branch  0 taken 1 (fallthrough)
branch  1 taken 12
        1:   18:        return 0;
        1:   18-block  0
       12:   19:    if (strcmp(tip, "teren") == 0 || strcmp(tip, "casa") == 0 || strcmp(tip, "apartament") == 0)
       12:   19-block  0
branch  0 taken 8 (fallthrough)
branch  1 taken 4
        8:   19-block  1
branch  2 taken 5 (fallthrough)
branch  3 taken 3
        5:   19-block  2
branch  4 taken 3 (fallthrough)
branch  5 taken 2
       10:   20:        return 1;
       10:   20-block  0
        2:   21:    return 0;
        2:   21-block  0
        -:   22:}
        -:   23:
function validare_suprafata called 9 returned 100% blocks executed 100%
        9:   24:int validare_suprafata(int suprafata) {
        9:   25:    if (suprafata < 0)
        9:   25-block  0
branch  0 taken 1 (fallthrough)
branch  1 taken 8
        1:   26:        return 0;
        1:   26-block  0
        8:   27:    return 1;
        8:   27-block  0
        -:   28:}
        -:   29:
function validare_id called 25 returned 100% blocks executed 100%
       25:   30:int validare_id(int id) {
       25:   31:    if (id <= 0)
       25:   31-block  0
branch  0 taken 4 (fallthrough)
branch  1 taken 21
        4:   32:        return 0;
        4:   32-block  0
       21:   33:    return 1;
       21:   33-block  0
        -:   34:}
        -:   35:
function validare_oferta called 7 returned 100% blocks executed 100%
        7:   36:int validare_oferta(Oferta *oferta) {
        7:   37:     return validare_id(oferta->id) && validare_adresa(oferta->adresa) && validare_pret(oferta->pret) && validare_tip(oferta->tip) && validare_suprafata(oferta->suprafata);
        7:   37-block  0
call    0 returned 7
branch  1 taken 6 (fallthrough)
branch  2 taken 1
        6:   37-block  1
call    3 returned 6
branch  4 taken 6 (fallthrough)
branch  5 taken 0
        6:   37-block  2
call    6 returned 6
branch  7 taken 6 (fallthrough)
branch  8 taken 0
        6:   37-block  3
call    9 returned 6
branch 10 taken 6 (fallthrough)
branch 11 taken 0
        6:   37-block  4
call   12 returned 6
branch 13 taken 6 (fallthrough)
branch 14 taken 0
        6:   37-block  5
        1:   37-block  6
        7:   37-block  7
        -:   38:}
