        -:    0:Source:/mnt/d/Facultate/Anul 1 Sem 2/OOP/Lab/Lab 2-4/Pb 8/validare.c
        -:    0:Graph:/mnt/d/Facultate/Anul 1 Sem 2/OOP/Lab/Lab 2-4/Pb 8/cmake-build-debug-coverage/CMakeFiles/Pb_8.dir/validare.c.gcno
        -:    0:Data:/mnt/d/Facultate/Anul 1 Sem 2/OOP/Lab/Lab 2-4/Pb 8/cmake-build-debug-coverage/CMakeFiles/Pb_8.dir/validare.c.gcda
        -:    0:Runs:1
        -:    1:#include "validare.h"
        -:    2:#include <string.h>
        -:    3:
function validareId called 22 returned 100% blocks executed 100%
       22:    4:int validareId(int id) {
       22:    5:    if (id <= 0)
       22:    5-block  0
branch  0 taken 3 (fallthrough)
branch  1 taken 19
        3:    6:        return 0;
        3:    6-block  0
       19:    7:    return 1;
       19:    7-block  0
        -:    8:}
        -:    9:
function validareTip called 9 returned 100% blocks executed 100%
        9:   10:int validareTip(char *tip) {
        9:   11:    if (strcmp(tip, "") == 0)
        9:   11-block  0
branch  0 taken 1 (fallthrough)
branch  1 taken 8
        1:   12:        return 0;
        1:   12-block  0
        8:   13:    return 1;
        8:   13-block  0
        -:   14:}
        -:   15:
function validareProducator called 8 returned 100% blocks executed 100%
        8:   16:int validareProducator(char *producator) {
        8:   17:    if (strcmp(producator, "") == 0)
        8:   17-block  0
branch  0 taken 1 (fallthrough)
branch  1 taken 7
        1:   18:        return 0;
        1:   18-block  0
        7:   19:    return 1;
        7:   19-block  0
        -:   20:}
        -:   21:
function validareModel called 7 returned 100% blocks executed 100%
        7:   22:int validareModel(char *model) {
        7:   23:    if (strcmp(model, "") == 0)
        7:   23-block  0
branch  0 taken 1 (fallthrough)
branch  1 taken 6
        1:   24:        return 0;
        1:   24-block  0
        6:   25:    return 1;
        6:   25-block  0
        -:   26:}
        -:   27:
function validarePret called 10 returned 100% blocks executed 100%
       10:   28:int validarePret(float pret) {
       10:   29:    if (pret < 0)
       10:   29-block  0
branch  0 taken 2 (fallthrough)
branch  1 taken 8
        2:   30:        return 0;
        2:   30-block  0
        8:   31:    return 1;
        8:   31-block  0
        -:   32:}
        -:   33:
function validareCantitate called 9 returned 100% blocks executed 100%
        9:   34:int validareCantitate(int cantitate) {
        9:   35:    if (cantitate < 0)
        9:   35-block  0
branch  0 taken 2 (fallthrough)
branch  1 taken 7
        2:   36:        return 0;
        2:   36-block  0
        7:   37:    return 1;
        7:   37-block  0
        -:   38:}
        -:   39:
function validareProdus called 11 returned 100% blocks executed 100%
       11:   40:int validareProdus(Produs *produs) {
       11:   41:    return validareId(produs->id) && validareTip(produs->tip) && validareProducator(produs->producator) && validareModel(produs->model) && validarePret(produs->pret) && validareCantitate(produs->cantitate);
       11:   41-block  0
call    0 returned 11
branch  1 taken 9 (fallthrough)
branch  2 taken 2
        9:   41-block  1
call    3 returned 9
branch  4 taken 8 (fallthrough)
branch  5 taken 1
        8:   41-block  2
call    6 returned 8
branch  7 taken 7 (fallthrough)
branch  8 taken 1
        7:   41-block  3
call    9 returned 7
branch 10 taken 6 (fallthrough)
branch 11 taken 1
        6:   41-block  4
call   12 returned 6
branch 13 taken 5 (fallthrough)
branch 14 taken 1
        5:   41-block  5
call   15 returned 5
branch 16 taken 4 (fallthrough)
branch 17 taken 1
        4:   41-block  6
        7:   41-block  7
       11:   41-block  8
        -:   42:}
