        -:    0:Source:/mnt/d/Facultate/Anul 1 Sem 2/SDA/Lab/Interfete TAD (proiecte C++) si teste/TAD Colectie/Teste/TestScurt.cpp
        -:    0:Graph:/mnt/d/Facultate/Anul 1 Sem 2/SDA/Lab/Interfete TAD (proiecte C++) si teste/TAD Colectie/cmake-build-debug-coverage/CMakeFiles/TAD_Colectie.dir/Teste/TestScurt.cpp.gcno
        -:    0:Data:/mnt/d/Facultate/Anul 1 Sem 2/SDA/Lab/Interfete TAD (proiecte C++) si teste/TAD Colectie/cmake-build-debug-coverage/CMakeFiles/TAD_Colectie.dir/Teste/TestScurt.cpp.gcda
        -:    0:Runs:1
        -:    1:#include "TestScurt.h"
        -:    2:#include "../Proiect_C++/Colectie/Colectie.h"
        -:    3:#include "../Proiect_C++/Colectie/IteratorColectie.h"
        -:    4:#include <cassert>
        -:    5:#include <iostream>
        -:    6:using namespace std;
        -:    7:
function _Z7testAllv called 1 returned 100% blocks executed 77%
        1:    8:void testAll() {
        1:    9:	Colectie c;
        1:    9-block  0
call    0 returned 1
branch  1 taken 1 (fallthrough)
branch  2 taken 0 (throw)
        1:   10:	c.adauga(5);
        1:   10-block  0
call    0 returned 1
branch  1 taken 1 (fallthrough)
branch  2 taken 0 (throw)
        1:   11:	c.adauga(6);
        1:   11-block  0
call    0 returned 1
branch  1 taken 1 (fallthrough)
branch  2 taken 0 (throw)
        1:   12:	c.adauga(0);
        1:   12-block  0
call    0 returned 1
branch  1 taken 1 (fallthrough)
branch  2 taken 0 (throw)
        1:   13:	c.adauga(5);
        1:   13-block  0
call    0 returned 1
branch  1 taken 1 (fallthrough)
branch  2 taken 0 (throw)
        1:   14:	c.adauga(10);
        1:   14-block  0
call    0 returned 1
branch  1 taken 1 (fallthrough)
branch  2 taken 0 (throw)
        1:   15:	c.adauga(8);
        1:   15-block  0
call    0 returned 1
branch  1 taken 1 (fallthrough)
branch  2 taken 0 (throw)
        -:   16:
       1*:   17:	assert(c.dim() == 6);
        1:   17-block  0
call    0 returned 1
branch  1 taken 1 (fallthrough)
branch  2 taken 0 (throw)
        1:   17-block  1
branch  3 taken 0 (fallthrough)
branch  4 taken 1
    %%%%%:   17-block  2
call    5 never executed
       1*:   18:	assert(c.nrAparitii(5) == 2);
        1:   18-block  0
call    0 returned 1
branch  1 taken 1 (fallthrough)
branch  2 taken 0 (throw)
        1:   18-block  1
branch  3 taken 0 (fallthrough)
branch  4 taken 1
    %%%%%:   18-block  2
call    5 never executed
        -:   19:
       1*:   20:	assert(c.sterge(5) == true);
        1:   20-block  0
call    0 returned 1
branch  1 taken 1 (fallthrough)
branch  2 taken 0 (throw)
        1:   20-block  1
branch  3 taken 0 (fallthrough)
branch  4 taken 1
    %%%%%:   20-block  2
call    5 never executed
       1*:   21:	assert(c.dim() == 5);
        1:   21-block  0
call    0 returned 1
branch  1 taken 1 (fallthrough)
branch  2 taken 0 (throw)
        1:   21-block  1
branch  3 taken 0 (fallthrough)
branch  4 taken 1
    %%%%%:   21-block  2
call    5 never executed
        -:   22:
       1*:   23:	assert(c.cauta(6) == true);
        1:   23-block  0
call    0 returned 1
branch  1 taken 1 (fallthrough)
branch  2 taken 0 (throw)
        1:   23-block  1
branch  3 taken 0 (fallthrough)
branch  4 taken 1
    %%%%%:   23-block  2
call    5 never executed
       1*:   24:	assert(c.vida() == false);
        1:   24-block  0
call    0 returned 1
branch  1 taken 1 (fallthrough)
branch  2 taken 0 (throw)
        1:   24-block  1
branch  3 taken 0 (fallthrough)
branch  4 taken 1
    %%%%%:   24-block  2
call    5 never executed
        -:   25:
        1:   26:    IteratorColectie ic = c.iterator();
        1:   26-block  0
call    0 returned 1
branch  1 taken 1 (fallthrough)
branch  2 taken 0 (throw)
        -:   27:
       1*:   28:	assert(ic.valid() == true);
        1:   28-block  0
call    0 returned 1
branch  1 taken 1 (fallthrough)
branch  2 taken 0 (throw)
        1:   28-block  1
branch  3 taken 0 (fallthrough)
branch  4 taken 1
    %%%%%:   28-block  2
call    5 never executed
        6:   29:	while (ic.valid()) {
        1:   29-block  0
        6:   29-block  1
call    0 returned 6
branch  1 taken 6 (fallthrough)
branch  2 taken 0 (throw)
        6:   29-block  2
branch  3 taken 5
branch  4 taken 1 (fallthrough)
        5:   30:		ic.element();
        5:   30-block  0
call    0 returned 5
branch  1 taken 5 (fallthrough)
branch  2 taken 0 (throw)
        5:   31:		ic.urmator();
        5:   31-block  0
call    0 returned 5
branch  1 taken 5 (fallthrough)
branch  2 taken 0 (throw)
        -:   32:	}
       1*:   33:	assert(ic.valid() == false);
        1:   33-block  0
call    0 returned 1
branch  1 taken 1 (fallthrough)
branch  2 taken 0 (throw)
        1:   33-block  1
branch  3 taken 0 (fallthrough)
branch  4 taken 1
    %%%%%:   33-block  2
call    5 never executed
        1:   34:    ic.prim();
        1:   34-block  0
call    0 returned 1
branch  1 taken 1 (fallthrough)
branch  2 taken 0 (throw)
       1*:   35:	assert(ic.valid() == true);
        1:   35-block  0
call    0 returned 1
branch  1 taken 1 (fallthrough)
branch  2 taken 0 (throw)
        1:   35-block  1
branch  3 taken 0 (fallthrough)
branch  4 taken 1
    %%%%%:   35-block  2
call    5 never executed
        -:   36:
        1:   37:}
        1:   37-block  0
call    0 returned 1
    $$$$$:   37-block  1
call    1 never executed
        -:   38:
function _Z28testAdaugaToateElementeScurtv called 1 returned 100% blocks executed 74%
        1:   39:void testAdaugaToateElementeScurt() {
        1:   40:    Colectie c1;
        1:   40-block  0
call    0 returned 1
branch  1 taken 1 (fallthrough)
branch  2 taken 0 (throw)
        1:   41:    c1.adauga(1);
        1:   41-block  0
call    0 returned 1
branch  1 taken 1 (fallthrough)
branch  2 taken 0 (throw)
        1:   42:    c1.adauga(2);
        1:   42-block  0
call    0 returned 1
branch  1 taken 1 (fallthrough)
branch  2 taken 0 (throw)
        1:   43:    c1.adauga(3);
        1:   43-block  0
call    0 returned 1
branch  1 taken 1 (fallthrough)
branch  2 taken 0 (throw)
        1:   44:    c1.adauga(1);
        1:   44-block  0
call    0 returned 1
branch  1 taken 1 (fallthrough)
branch  2 taken 0 (throw)
        1:   45:    c1.adauga(2);
        1:   45-block  0
call    0 returned 1
branch  1 taken 1 (fallthrough)
branch  2 taken 0 (throw)
        -:   46:
        1:   47:    Colectie c2;
        1:   47-block  0
call    0 returned 1
branch  1 taken 1 (fallthrough)
branch  2 taken 0 (throw)
        1:   48:    c2.adauga(4);
        1:   48-block  0
call    0 returned 1
branch  1 taken 1 (fallthrough)
branch  2 taken 0 (throw)
        1:   49:    c2.adauga(5);
        1:   49-block  0
call    0 returned 1
branch  1 taken 1 (fallthrough)
branch  2 taken 0 (throw)
        1:   50:    c2.adauga(1);
        1:   50-block  0
call    0 returned 1
branch  1 taken 1 (fallthrough)
branch  2 taken 0 (throw)
        1:   51:    c2.adauga(3);
        1:   51-block  0
call    0 returned 1
branch  1 taken 1 (fallthrough)
branch  2 taken 0 (throw)
        -:   52:
        1:   53:    c1.adaugaToateElemente(c2);
        1:   53-block  0
call    0 returned 1
branch  1 taken 1 (fallthrough)
branch  2 taken 0 (throw)
        -:   54:
       1*:   55:    assert(c1.dim() == 9);
        1:   55-block  0
call    0 returned 1
branch  1 taken 1 (fallthrough)
branch  2 taken 0 (throw)
        1:   55-block  1
branch  3 taken 0 (fallthrough)
branch  4 taken 1
    %%%%%:   55-block  2
call    5 never executed
        -:   56:
       1*:   57:    assert(c1.nrAparitii(1) == 3);
        1:   57-block  0
call    0 returned 1
branch  1 taken 1 (fallthrough)
branch  2 taken 0 (throw)
        1:   57-block  1
branch  3 taken 0 (fallthrough)
branch  4 taken 1
    %%%%%:   57-block  2
call    5 never executed
       1*:   58:    assert(c1.nrAparitii(2) == 2);
        1:   58-block  0
call    0 returned 1
branch  1 taken 1 (fallthrough)
branch  2 taken 0 (throw)
        1:   58-block  1
branch  3 taken 0 (fallthrough)
branch  4 taken 1
    %%%%%:   58-block  2
call    5 never executed
       1*:   59:    assert(c1.nrAparitii(3) == 2);
        1:   59-block  0
call    0 returned 1
branch  1 taken 1 (fallthrough)
branch  2 taken 0 (throw)
        1:   59-block  1
branch  3 taken 0 (fallthrough)
branch  4 taken 1
    %%%%%:   59-block  2
call    5 never executed
       1*:   60:    assert(c1.nrAparitii(4) == 1);
        1:   60-block  0
call    0 returned 1
branch  1 taken 1 (fallthrough)
branch  2 taken 0 (throw)
        1:   60-block  1
branch  3 taken 0 (fallthrough)
branch  4 taken 1
    %%%%%:   60-block  2
call    5 never executed
       1*:   61:    assert(c1.nrAparitii(5) == 1);
        1:   61-block  0
call    0 returned 1
branch  1 taken 1 (fallthrough)
branch  2 taken 0 (throw)
        1:   61-block  1
branch  3 taken 0 (fallthrough)
branch  4 taken 1
    %%%%%:   61-block  2
call    5 never executed
        1:   62:}
        1:   62-block  0
call    0 returned 1
call    1 returned 1
    $$$$$:   62-block  1
call    2 never executed
    $$$$$:   62-block  2
call    3 never executed
