        -:    0:Source:/mnt/d/Facultate/Anul 1 Sem 2/OOP/Lab/Lab 5 (fmm paul)/validare.c
        -:    0:Graph:/mnt/d/Facultate/Anul 1 Sem 2/OOP/Lab/Lab 5 (fmm paul)/cmake-build-debug-coverage/CMakeFiles/Lab_5__fmm_paul_.dir/validare.c.gcno
        -:    0:Data:/mnt/d/Facultate/Anul 1 Sem 2/OOP/Lab/Lab 5 (fmm paul)/cmake-build-debug-coverage/CMakeFiles/Lab_5__fmm_paul_.dir/validare.c.gcda
        -:    0:Runs:1
        -:    1:#include "validare.h"
        -:    2:#include <string.h>
        -:    3:
function validare_adresa called 14 returned 100% blocks executed 100%
       14:    4:int validare_adresa(char *adresa) {
       14:    5:    if (strcmp(adresa, "") == 0)
       14:    5-block  0
branch  0 taken 2 (fallthrough)
branch  1 taken 12
        2:    6:        return 0;
        2:    6-block  0
       12:    7:    return 1;
       12:    7-block  0
        -:    8:}
        -:    9:
function validare_pret called 13 returned 100% blocks executed 100%
       13:   10:int validare_pret(int pret) {
       13:   11:    if (pret < 0)
       13:   11-block  0
branch  0 taken 2 (fallthrough)
branch  1 taken 11
        2:   12:        return 0;
        2:   12-block  0
       11:   13:    return 1;
       11:   13-block  0
        -:   14:}
        -:   15:
function validare_tip called 12 returned 100% blocks executed 100%
       12:   16:int validare_tip(char *tip) {
       12:   17:    if (strcmp(tip, "") == 0)
       12:   17-block  0
branch  0 taken 1 (fallthrough)
branch  1 taken 11
        1:   18:        return 0;
        1:   18-block  0
       11:   19:    if (strcmp(tip, "teren") == 0 || strcmp(tip, "casa") == 0 || strcmp(tip, "apartament") == 0)
       11:   19-block  0
branch  0 taken 6 (fallthrough)
branch  1 taken 5
        6:   19-block  1
branch  2 taken 4 (fallthrough)
branch  3 taken 2
        4:   19-block  2
branch  4 taken 2 (fallthrough)
branch  5 taken 2
        9:   20:        return 1;
        9:   20-block  0
        2:   21:    return 0;
        2:   21-block  0
        -:   22:}
        -:   23:
function validare_suprafata called 10 returned 100% blocks executed 100%
       10:   24:int validare_suprafata(int suprafata) {
       10:   25:    if (suprafata < 0)
       10:   25-block  0
branch  0 taken 2 (fallthrough)
branch  1 taken 8
        2:   26:        return 0;
        2:   26-block  0
        8:   27:    return 1;
        8:   27-block  0
        -:   28:}
        -:   29:
function validare_id called 35 returned 100% blocks executed 100%
       35:   30:int validare_id(int id) {
       35:   31:    if (id <= 0)
       35:   31-block  0
branch  0 taken 7 (fallthrough)
branch  1 taken 28
        7:   32:        return 0;
        7:   32-block  0
       28:   33:    return 1;
       28:   33-block  0
        -:   34:}
        -:   35:
function validare_oferta called 12 returned 100% blocks executed 100%
       12:   36:int validare_oferta(Oferta *oferta) {
       12:   37:    return validare_id(oferta->id) && validare_adresa(oferta->adresa) && validare_pret(oferta->pret) && validare_tip(oferta->tip) && validare_suprafata(oferta->suprafata);
       12:   37-block  0
call    0 returned 12
branch  1 taken 10 (fallthrough)
branch  2 taken 2
       10:   37-block  1
call    3 returned 10
branch  4 taken 9 (fallthrough)
branch  5 taken 1
        9:   37-block  2
call    6 returned 9
branch  7 taken 8 (fallthrough)
branch  8 taken 1
        8:   37-block  3
call    9 returned 8
branch 10 taken 6 (fallthrough)
branch 11 taken 2
        6:   37-block  4
call   12 returned 6
branch 13 taken 5 (fallthrough)
branch 14 taken 1
        5:   37-block  5
        7:   37-block  6
       12:   37-block  7
        -:   38:}
