        -:    0:Source:D:/Facultate/Anul_1_Sem_2/OOP/Lab/Lab_10-11/service/carte_service.cpp
        -:    0:Graph:D:\Facultate\Anul_1_Sem_2\OOP\Lab\Lab_10-11\cmake-build-debug-coverage\CMakeFiles\Lab_6_7.dir\service\carte_service.cpp.gcno
        -:    0:Data:D:\Facultate\Anul_1_Sem_2\OOP\Lab\Lab_10-11\cmake-build-debug-coverage\CMakeFiles\Lab_6_7.dir\service\carte_service.cpp.gcda
        -:    0:Runs:1
        -:    1:#include "carte_service.h"
        -:    2:#include "../exceptions/exceptii.h"
        -:    3:#include <algorithm>
        -:    4:
function _ZN12CarteService11adaugaCarteEiRKNSt7__cxx1112basic_stringIcSt11char_traitsIcESaIcEEES7_S7_i called 19 returned 95% blocks executed 64%
       19:    5:void CarteService::adaugaCarte(int id, const std::string &titlu, const std::string &autor, const std::string &gen, int an_aparitie) {
       19:    6:    if (id <= 0 || titlu.empty() || autor.empty() || gen.empty() || an_aparitie <= 0) {
       19:    6-block  0
branch  0 taken 18 (fallthrough)
branch  1 taken 1
       18:    6-block  1
call    2 returned 18
branch  3 taken 18 (fallthrough)
branch  4 taken 0
       18:    6-block  2
call    5 returned 18
branch  6 taken 18 (fallthrough)
branch  7 taken 0
       18:    6-block  3
call    8 returned 18
branch  9 taken 18 (fallthrough)
branch 10 taken 0
       18:    6-block  4
branch 11 taken 0 (fallthrough)
branch 12 taken 18
        1:    6-block  5
       18:    6-block  6
       19:    6-block  7
branch 13 taken 1 (fallthrough)
branch 14 taken 18
        3:    7:        throw ValidationException("Datele introduse sunt invalide.");
        1:    7-block  0
call    0 returned 1
        1:    7-block  1
call    1 returned 1
branch  2 taken 1 (fallthrough)
branch  3 taken 0 (throw)
        1:    7-block  2
call    4 returned 1
branch  5 taken 1 (fallthrough)
branch  6 taken 0 (throw)
        1:    7-block  3
call    7 returned 1
        1:    7-block  4
call    8 returned 1
    $$$$$:    7-block  5
call    9 never executed
    $$$$$:    7-block  6
    $$$$$:    7-block  7
    $$$$$:    7-block  8
call   10 never executed
        -:    8:    }
       18:    9:    Carte carte(id, titlu, autor, gen, an_aparitie);
       18:    9-block  0
call    0 returned 18
branch  1 taken 18 (fallthrough)
branch  2 taken 0 (throw)
       18:   10:    repo.adaugaCarte(carte);
       18:   10-block  0
call    0 returned 18
branch  1 taken 18 (fallthrough)
branch  2 taken 0 (throw)
       18:   11:    undoActions.push_back(std::make_unique<UndoAdaugaCarte>(repo, carte));
       18:   11-block  0
call    0 returned 18
branch  1 taken 18 (fallthrough)
branch  2 taken 0 (throw)
       18:   11-block  1
call    3 returned 18
call    4 returned 18
branch  5 taken 18 (fallthrough)
branch  6 taken 0 (throw)
       18:   11-block  2
call    7 returned 18
call    8 returned 18
    $$$$$:   11-block  3
call    9 never executed
    $$$$$:   11-block  4
call   10 never executed
    $$$$$:   11-block  5
    $$$$$:   11-block  6
       18:   12:}
call    0 returned 18
    $$$$$:   12-block  0
call    1 never executed
        -:   13:
function _ZN12CarteService11stergeCarteEi called 1 returned 100% blocks executed 59%
        1:   14:bool CarteService::stergeCarte(int id) {
        1:   15:    Carte c = repo.cautaCarte(getTitluById(id));
        1:   15-block  0
call    0 returned 1
branch  1 taken 1 (fallthrough)
branch  2 taken 0 (throw)
        1:   15-block  1
call    3 returned 1
branch  4 taken 1 (fallthrough)
branch  5 taken 0 (throw)
        1:   15-block  2
call    6 returned 1
    $$$$$:   15-block  3
call    7 never executed
    $$$$$:   15-block  4
        1:   16:    bool rezultat = repo.stergeCarte(c.getId());
call    0 returned 1
branch  1 taken 1 (fallthrough)
branch  2 taken 0 (throw)
        1:   16-block  0
call    3 returned 1
branch  4 taken 1 (fallthrough)
branch  5 taken 0 (throw)
        1:   17:    if (rezultat)
        1:   17-block  0
branch  0 taken 1 (fallthrough)
branch  1 taken 0
        1:   18:        undoActions.push_back(std::make_unique<UndoStergeCarte>(repo, c));
        1:   18-block  0
call    0 returned 1
branch  1 taken 1 (fallthrough)
branch  2 taken 0 (throw)
        1:   18-block  1
call    3 returned 1
call    4 returned 1
branch  5 taken 1 (fallthrough)
branch  6 taken 0 (throw)
        1:   18-block  2
call    7 returned 1
call    8 returned 1
    $$$$$:   18-block  3
call    9 never executed
    $$$$$:   18-block  4
call   10 never executed
    $$$$$:   18-block  5
    $$$$$:   18-block  6
        1:   19:    return rezultat;
        1:   19-block  0
        1:   20:}
        1:   20-block  0
call    0 returned 1
    $$$$$:   20-block  1
call    1 never executed
        -:   21:
function _ZN12CarteService13modificaTitluEiRKNSt7__cxx1112basic_stringIcSt11char_traitsIcESaIcEEE called 1 returned 100% blocks executed 59%
        1:   22:bool CarteService::modificaTitlu(int id, const std::string &newTitlu) {
        1:   23:    Carte carteVeche = repo.cautaCarte(getTitluById(id));
        1:   23-block  0
call    0 returned 1
branch  1 taken 1 (fallthrough)
branch  2 taken 0 (throw)
        1:   23-block  1
call    3 returned 1
branch  4 taken 1 (fallthrough)
branch  5 taken 0 (throw)
        1:   23-block  2
call    6 returned 1
    $$$$$:   23-block  3
call    7 never executed
    $$$$$:   23-block  4
        1:   24:    bool rezultat = repo.modificaTitlu(id, newTitlu);
call    0 returned 1
branch  1 taken 1 (fallthrough)
branch  2 taken 0 (throw)
        1:   25:    if (rezultat) {
        1:   25-block  0
branch  0 taken 1 (fallthrough)
branch  1 taken 0
        1:   26:        undoActions.push_back(std::make_unique<UndoModificaCarte>(repo, carteVeche, Carte(id, newTitlu, carteVeche.getAutor(), carteVeche.getGen(), carteVeche.getAnAparitie())));
        1:   26-block  0
call    0 returned 1
branch  1 taken 1 (fallthrough)
branch  2 taken 0 (throw)
        1:   26-block  1
call    3 returned 1
branch  4 taken 1 (fallthrough)
branch  5 taken 0 (throw)
        1:   26-block  2
call    6 returned 1
branch  7 taken 1 (fallthrough)
branch  8 taken 0 (throw)
        1:   26-block  3
call    9 returned 1
branch 10 taken 1 (fallthrough)
branch 11 taken 0 (throw)
        1:   26-block  4
call   12 returned 1
branch 13 taken 1 (fallthrough)
branch 14 taken 0 (throw)
        1:   26-block  5
call   15 returned 1
call   16 returned 1
branch 17 taken 1 (fallthrough)
branch 18 taken 0 (throw)
        1:   26-block  6
call   19 returned 1
call   20 returned 1
call   21 returned 1
    $$$$$:   26-block  7
call   22 never executed
    $$$$$:   26-block  8
call   23 never executed
    $$$$$:   26-block  9
call   24 never executed
    $$$$$:   26-block 10
    $$$$$:   26-block 11
    $$$$$:   26-block 12
        -:   27:    }
        1:   28:    return rezultat;
        1:   28-block  0
        1:   29:}
        1:   29-block  0
call    0 returned 1
    $$$$$:   29-block  1
call    1 never executed
        -:   30:
function _ZN12CarteService13modificaAutorEiRKNSt7__cxx1112basic_stringIcSt11char_traitsIcESaIcEEE called 1 returned 100% blocks executed 59%
        1:   31:bool CarteService::modificaAutor(int id, const std::string &newAutor) {
        1:   32:    Carte carteVeche = repo.cautaCarte(getTitluById(id));
        1:   32-block  0
call    0 returned 1
branch  1 taken 1 (fallthrough)
branch  2 taken 0 (throw)
        1:   32-block  1
call    3 returned 1
branch  4 taken 1 (fallthrough)
branch  5 taken 0 (throw)
        1:   32-block  2
call    6 returned 1
    $$$$$:   32-block  3
call    7 never executed
    $$$$$:   32-block  4
        1:   33:    bool rezultat = repo.modificaAutor(id, newAutor);
call    0 returned 1
branch  1 taken 1 (fallthrough)
branch  2 taken 0 (throw)
        1:   34:    if (rezultat) {
        1:   34-block  0
branch  0 taken 1 (fallthrough)
branch  1 taken 0
        1:   35:        undoActions.push_back(std::make_unique<UndoModificaCarte>(repo, carteVeche, Carte(id, carteVeche.getTitlu(), newAutor, carteVeche.getGen(), carteVeche.getAnAparitie())));
        1:   35-block  0
call    0 returned 1
branch  1 taken 1 (fallthrough)
branch  2 taken 0 (throw)
        1:   35-block  1
call    3 returned 1
branch  4 taken 1 (fallthrough)
branch  5 taken 0 (throw)
        1:   35-block  2
call    6 returned 1
branch  7 taken 1 (fallthrough)
branch  8 taken 0 (throw)
        1:   35-block  3
call    9 returned 1
branch 10 taken 1 (fallthrough)
branch 11 taken 0 (throw)
        1:   35-block  4
call   12 returned 1
branch 13 taken 1 (fallthrough)
branch 14 taken 0 (throw)
        1:   35-block  5
call   15 returned 1
call   16 returned 1
branch 17 taken 1 (fallthrough)
branch 18 taken 0 (throw)
        1:   35-block  6
call   19 returned 1
call   20 returned 1
call   21 returned 1
    $$$$$:   35-block  7
call   22 never executed
    $$$$$:   35-block  8
call   23 never executed
    $$$$$:   35-block  9
call   24 never executed
    $$$$$:   35-block 10
    $$$$$:   35-block 11
    $$$$$:   35-block 12
        -:   36:    }
        1:   37:    return rezultat;
        1:   37-block  0
        1:   38:}
        1:   38-block  0
call    0 returned 1
    $$$$$:   38-block  1
call    1 never executed
        -:   39:
function _ZN12CarteService11modificaGenEiRKNSt7__cxx1112basic_stringIcSt11char_traitsIcESaIcEEE called 1 returned 100% blocks executed 59%
        1:   40:bool CarteService::modificaGen(int id, const std::string &newGen) {
        1:   41:    Carte carteVeche = repo.cautaCarte(getTitluById(id));
        1:   41-block  0
call    0 returned 1
branch  1 taken 1 (fallthrough)
branch  2 taken 0 (throw)
        1:   41-block  1
call    3 returned 1
branch  4 taken 1 (fallthrough)
branch  5 taken 0 (throw)
        1:   41-block  2
call    6 returned 1
    $$$$$:   41-block  3
call    7 never executed
    $$$$$:   41-block  4
        1:   42:    bool rezultat = repo.modificaGen(id, newGen);
call    0 returned 1
branch  1 taken 1 (fallthrough)
branch  2 taken 0 (throw)
        1:   43:    if (rezultat) {
        1:   43-block  0
branch  0 taken 1 (fallthrough)
branch  1 taken 0
        1:   44:        undoActions.push_back(std::make_unique<UndoModificaCarte>(repo, carteVeche, Carte(id, carteVeche.getTitlu(), carteVeche.getAutor(), newGen, carteVeche.getAnAparitie())));
        1:   44-block  0
call    0 returned 1
branch  1 taken 1 (fallthrough)
branch  2 taken 0 (throw)
        1:   44-block  1
call    3 returned 1
branch  4 taken 1 (fallthrough)
branch  5 taken 0 (throw)
        1:   44-block  2
call    6 returned 1
branch  7 taken 1 (fallthrough)
branch  8 taken 0 (throw)
        1:   44-block  3
call    9 returned 1
branch 10 taken 1 (fallthrough)
branch 11 taken 0 (throw)
        1:   44-block  4
call   12 returned 1
branch 13 taken 1 (fallthrough)
branch 14 taken 0 (throw)
        1:   44-block  5
call   15 returned 1
call   16 returned 1
branch 17 taken 1 (fallthrough)
branch 18 taken 0 (throw)
        1:   44-block  6
call   19 returned 1
call   20 returned 1
call   21 returned 1
    $$$$$:   44-block  7
call   22 never executed
    $$$$$:   44-block  8
call   23 never executed
    $$$$$:   44-block  9
call   24 never executed
    $$$$$:   44-block 10
    $$$$$:   44-block 11
    $$$$$:   44-block 12
        -:   45:    }
        1:   46:    return rezultat;
        1:   46-block  0
        1:   47:}
        1:   47-block  0
call    0 returned 1
    $$$$$:   47-block  1
call    1 never executed
        -:   48:
function _ZN12CarteService18modificaAnAparitieEii called 1 returned 100% blocks executed 59%
        1:   49:bool CarteService::modificaAnAparitie(int id, int newAnAparitie) {
        1:   50:    Carte carteVeche = repo.cautaCarte(getTitluById(id));
        1:   50-block  0
call    0 returned 1
branch  1 taken 1 (fallthrough)
branch  2 taken 0 (throw)
        1:   50-block  1
call    3 returned 1
branch  4 taken 1 (fallthrough)
branch  5 taken 0 (throw)
        1:   50-block  2
call    6 returned 1
    $$$$$:   50-block  3
call    7 never executed
    $$$$$:   50-block  4
        1:   51:    bool rezultat = repo.modificaAnAparitie(id, newAnAparitie);
call    0 returned 1
branch  1 taken 1 (fallthrough)
branch  2 taken 0 (throw)
        1:   52:    if (rezultat) {
        1:   52-block  0
branch  0 taken 1 (fallthrough)
branch  1 taken 0
        1:   53:        undoActions.push_back(std::make_unique<UndoModificaCarte>(repo, carteVeche, Carte(id, carteVeche.getTitlu(), carteVeche.getAutor(), carteVeche.getGen(), newAnAparitie)));
        1:   53-block  0
call    0 returned 1
branch  1 taken 1 (fallthrough)
branch  2 taken 0 (throw)
        1:   53-block  1
call    3 returned 1
branch  4 taken 1 (fallthrough)
branch  5 taken 0 (throw)
        1:   53-block  2
call    6 returned 1
branch  7 taken 1 (fallthrough)
branch  8 taken 0 (throw)
        1:   53-block  3
call    9 returned 1
branch 10 taken 1 (fallthrough)
branch 11 taken 0 (throw)
        1:   53-block  4
call   12 returned 1
branch 13 taken 1 (fallthrough)
branch 14 taken 0 (throw)
        1:   53-block  5
call   15 returned 1
call   16 returned 1
branch 17 taken 1 (fallthrough)
branch 18 taken 0 (throw)
        1:   53-block  6
call   19 returned 1
call   20 returned 1
call   21 returned 1
    $$$$$:   53-block  7
call   22 never executed
    $$$$$:   53-block  8
call   23 never executed
    $$$$$:   53-block  9
call   24 never executed
    $$$$$:   53-block 10
    $$$$$:   53-block 11
    $$$$$:   53-block 12
        -:   54:    }
        1:   55:    return rezultat;
        1:   55-block  0
        1:   56:}
        1:   56-block  0
call    0 returned 1
    $$$$$:   56-block  1
call    1 never executed
        -:   57:
function _ZN12CarteService8getCartiEv called 12 returned 100% blocks executed 100%
       12:   58:Lista<Carte> &CarteService::getCarti() {
       12:   59:    return repo.getCarti();
       12:   59-block  0
call    0 returned 12
        -:   60:}
        -:   61:
function _ZNK12CarteService10cautaCarteERKNSt7__cxx1112basic_stringIcSt11char_traitsIcESaIcEEE called 11 returned 82% blocks executed 100%
       11:   62:Carte CarteService::cautaCarte(const std::string &titlu) const {
       11:   63:    return repo.cautaCarte(titlu);
       11:   63-block  0
call    0 returned 9
        -:   64:}
        -:   65:
function _ZNK12CarteService18filtreazaDupaTitluERKNSt7__cxx1112basic_stringIcSt11char_traitsIcESaIcEEE called 2 returned 100% blocks executed 90%
        2:   66:Lista<Carte> CarteService::filtreazaDupaTitlu(const std::string &titlu) const {
        2:   67:    Lista<Carte> rezultat;
        2:   67-block  0
call    0 returned 2
        2:   68:    auto &carti = repo.getCarti();
call    0 returned 2
branch  1 taken 2 (fallthrough)
branch  2 taken 0 (throw)
        -:   69:
function _ZZNK12CarteService18filtreazaDupaTitluERKNSt7__cxx1112basic_stringIcSt11char_traitsIcESaIcEEEENKUlRK5CarteE_clESA_ called 6 returned 100% blocks executed 100%
        2:   70:    std::copy_if(carti.begin(), carti.end(), std::back_inserter(rezultat), [&titlu](const Carte &carte) {
        2:   70-block  0
call    0 returned 2
branch  1 taken 2 (fallthrough)
branch  2 taken 0 (throw)
        2:   70-block  1
call    3 returned 2
call    4 returned 2
call    5 returned 2
branch  6 taken 2 (fallthrough)
branch  7 taken 0 (throw)
        6:   71:        return carte.getTitlu() == titlu;
        6:   71-block  0
call    0 returned 6
call    1 returned 6
        -:   72:    });
        -:   73:
        2:   74:    return rezultat;
        2:   74-block  0
        2:   74-block  1
    =====:   75:}
    $$$$$:   75-block  0
call    0 never executed
        -:   76:
function _ZNK12CarteService15filtreazaDupaAnEi called 2 returned 100% blocks executed 90%
        2:   77:Lista<Carte> CarteService::filtreazaDupaAn(int an) const{
        2:   78:    Lista<Carte> rezultat;
        2:   78-block  0
call    0 returned 2
        2:   79:    auto &carti = repo.getCarti();
call    0 returned 2
branch  1 taken 2 (fallthrough)
branch  2 taken 0 (throw)
        -:   80:
function _ZZNK12CarteService15filtreazaDupaAnEiENKUlRK5CarteE_clES2_ called 6 returned 100% blocks executed 100%
        2:   81:    std::copy_if(carti.begin(), carti.end(), std::back_inserter(rezultat), [an](const Carte &carte) {
        2:   81-block  0
call    0 returned 2
branch  1 taken 2 (fallthrough)
branch  2 taken 0 (throw)
        2:   81-block  1
call    3 returned 2
call    4 returned 2
call    5 returned 2
branch  6 taken 2 (fallthrough)
branch  7 taken 0 (throw)
        6:   82:        return carte.getAnAparitie() == an;
        6:   82-block  0
call    0 returned 6
        -:   83:    });
        -:   84:
        2:   85:    return rezultat;
        2:   85-block  0
        2:   85-block  1
    =====:   86:}
    $$$$$:   86-block  0
call    0 never executed
        -:   87:
function _ZN12CarteService17sorteazaDupaTitluEi called 2 returned 100% blocks executed 89%
        2:   88:Lista<Carte> CarteService::sorteazaDupaTitlu(int mod) {
        2:   89:    Lista<Carte> listaSortata = repo.getCarti();
        2:   89-block  0
call    0 returned 2
call    1 returned 2
        2:   90:    auto* v = listaSortata.getVector();
call    0 returned 2
        -:   91:
function _ZZN12CarteService17sorteazaDupaTitluEiENKUlRK5CarteS2_E_clES2_S2_ called 6 returned 100% blocks executed 94%
        2:   92:    std::sort(v, v + listaSortata.getSize(), [mod](const Carte &a, const Carte &b) {
call    0 returned 2
call    1 returned 2
branch  2 taken 2 (fallthrough)
branch  3 taken 0 (throw)
        6:   93:        if (mod == 1) {
        6:   93-block  0
branch  0 taken 3 (fallthrough)
branch  1 taken 3
        3:   94:            return a.getTitlu() > b.getTitlu();
        3:   94-block  0
call    0 returned 3
call    1 returned 3
branch  2 taken 3 (fallthrough)
branch  3 taken 0 (throw)
        3:   94-block  1
call    4 returned 3
branch  5 taken 3 (fallthrough)
branch  6 taken 0 (throw)
        3:   94-block  2
call    7 returned 3
call    8 returned 3
    $$$$$:   94-block  3
call    9 never executed
        -:   95:        } else {
        3:   96:            return a.getTitlu() < b.getTitlu();
        3:   96-block  0
call    0 returned 3
call    1 returned 3
branch  2 taken 3 (fallthrough)
branch  3 taken 0 (throw)
        3:   96-block  1
call    4 returned 3
branch  5 taken 3 (fallthrough)
branch  6 taken 0 (throw)
        3:   96-block  2
call    7 returned 3
call    8 returned 3
        -:   97:        }
        -:   98:    });
        -:   99:
        2:  100:    return listaSortata;
        2:  100-block  0
        2:  100-block  1
    =====:  101:}
    $$$$$:  101-block  0
call    0 never executed
        -:  102:
function _ZN12CarteService17sorteazaDupaAutorEi called 2 returned 100% blocks executed 89%
        2:  103:Lista<Carte> CarteService::sorteazaDupaAutor(int mod) {
        2:  104:    Lista<Carte> listaSortata = repo.getCarti();
        2:  104-block  0
call    0 returned 2
call    1 returned 2
        2:  105:    auto* v = listaSortata.getVector();
call    0 returned 2
        -:  106:
function _ZZN12CarteService17sorteazaDupaAutorEiENKUlRK5CarteS2_E_clES2_S2_ called 6 returned 100% blocks executed 94%
        2:  107:    std::sort(v, v + listaSortata.getSize(), [mod](const Carte &a, const Carte &b) {
call    0 returned 2
call    1 returned 2
branch  2 taken 2 (fallthrough)
branch  3 taken 0 (throw)
        6:  108:        if (mod == 1) {
        6:  108-block  0
branch  0 taken 2 (fallthrough)
branch  1 taken 4
        2:  109:            return a.getAutor() > b.getAutor();
        2:  109-block  0
call    0 returned 2
call    1 returned 2
branch  2 taken 2 (fallthrough)
branch  3 taken 0 (throw)
        2:  109-block  1
call    4 returned 2
branch  5 taken 2 (fallthrough)
branch  6 taken 0 (throw)
        2:  109-block  2
call    7 returned 2
call    8 returned 2
    $$$$$:  109-block  3
call    9 never executed
        -:  110:        } else {
        4:  111:            return a.getAutor() < b.getAutor();
        4:  111-block  0
call    0 returned 4
call    1 returned 4
branch  2 taken 4 (fallthrough)
branch  3 taken 0 (throw)
        4:  111-block  1
call    4 returned 4
branch  5 taken 4 (fallthrough)
branch  6 taken 0 (throw)
        4:  111-block  2
call    7 returned 4
call    8 returned 4
        -:  112:        }
        -:  113:    });
        -:  114:
        2:  115:    return listaSortata;
        2:  115-block  0
        2:  115-block  1
    =====:  116:}
    $$$$$:  116-block  0
call    0 never executed
        -:  117:
function _ZN12CarteService25sorteazaDupaAnulAparitieiEi called 2 returned 100% blocks executed 89%
        2:  118:Lista<Carte> CarteService::sorteazaDupaAnulAparitiei(int mod) {
        2:  119:    Lista<Carte> listaSortata = repo.getCarti();
        2:  119-block  0
call    0 returned 2
call    1 returned 2
        2:  120:    auto* v = listaSortata.getVector();
call    0 returned 2
        -:  121:
function _ZZN12CarteService25sorteazaDupaAnulAparitieiEiENKUlRK5CarteS2_E_clES2_S2_ called 9 returned 100% blocks executed 100%
        2:  122:    std::sort(v, v + listaSortata.getSize(), [mod](const Carte &a, const Carte &b) {
call    0 returned 2
call    1 returned 2
branch  2 taken 2 (fallthrough)
branch  3 taken 0 (throw)
        9:  123:        if (mod == 1) {
        9:  123-block  0
branch  0 taken 4 (fallthrough)
branch  1 taken 5
        4:  124:            return a.getAnAparitie() > b.getAnAparitie();
        4:  124-block  0
call    0 returned 4
call    1 returned 4
        -:  125:        } else {
        5:  126:            return a.getAnAparitie() < b.getAnAparitie();
        5:  126-block  0
call    0 returned 5
call    1 returned 5
        -:  127:        }
        -:  128:    });
        -:  129:
        2:  130:    return listaSortata;
        2:  130-block  0
        2:  130-block  1
    =====:  131:}
    $$$$$:  131-block  0
call    0 never executed
        -:  132:
function _ZN12CarteService15sorteazaDupaGenEi called 2 returned 100% blocks executed 89%
        2:  133:Lista<Carte> CarteService::sorteazaDupaGen(int mod) {
        2:  134:    Lista<Carte> listaSortata = repo.getCarti();
        2:  134-block  0
call    0 returned 2
call    1 returned 2
        2:  135:    auto* v = listaSortata.getVector();
call    0 returned 2
        -:  136:
function _ZZN12CarteService15sorteazaDupaGenEiENKUlRK5CarteS2_E_clES2_S2_ called 9 returned 100% blocks executed 94%
        2:  137:    std::sort(v, v + listaSortata.getSize(), [mod](const Carte &a, const Carte &b) {
call    0 returned 2
call    1 returned 2
branch  2 taken 2 (fallthrough)
branch  3 taken 0 (throw)
        9:  138:        if (mod == 1) {
        9:  138-block  0
branch  0 taken 5 (fallthrough)
branch  1 taken 4
        5:  139:            return a.getGen() > b.getGen();
        5:  139-block  0
call    0 returned 5
call    1 returned 5
branch  2 taken 5 (fallthrough)
branch  3 taken 0 (throw)
        5:  139-block  1
call    4 returned 5
branch  5 taken 5 (fallthrough)
branch  6 taken 0 (throw)
        5:  139-block  2
call    7 returned 5
call    8 returned 5
    $$$$$:  139-block  3
call    9 never executed
        -:  140:        } else {
        4:  141:            return a.getGen() < b.getGen();
        4:  141-block  0
call    0 returned 4
call    1 returned 4
branch  2 taken 4 (fallthrough)
branch  3 taken 0 (throw)
        4:  141-block  1
call    4 returned 4
branch  5 taken 4 (fallthrough)
branch  6 taken 0 (throw)
        4:  141-block  2
call    7 returned 4
call    8 returned 4
        -:  142:        }
        -:  143:    });
        -:  144:
        2:  145:    return listaSortata;
        2:  145-block  0
        2:  145-block  1
    =====:  146:}
    $$$$$:  146-block  0
call    0 never executed
        -:  147:
function _ZN12CarteService10golesteCosEv called 1 returned 100% blocks executed 100%
        1:  148:void CarteService::golesteCos() {
        1:  149:    const auto& carti = cos.getAllCos();
        1:  149-block  0
call    0 returned 1
        3:  150:    for (const auto& carte : carti) {
call    0 returned 1
call    1 returned 1
        2:  150-block  0
call    2 returned 2
        2:  150-block  1
call    3 returned 2
        3:  150-block  2
call    4 returned 3
branch  5 taken 2
branch  6 taken 1 (fallthrough)
        2:  151:        repo.adaugaCarte(carte);
call    0 returned 2
branch  1 taken 2 (fallthrough)
branch  2 taken 0 (throw)
        -:  152:    }
        1:  153:    cos.golesteCos();
        1:  153-block  0
call    0 returned 1
        1:  154:    notify();
call    0 returned 1
        1:  155:}
        -:  156:
function _ZN12CarteService20adaugaCarteDupaTitluERKNSt7__cxx1112basic_stringIcSt11char_traitsIcESaIcEEE called 8 returned 88% blocks executed 80%
        8:  157:void CarteService::adaugaCarteDupaTitlu(const std::string &titlu) {
        8:  158:    const auto& carte = cautaCarte(titlu);
        8:  158-block  0
call    0 returned 8
branch  1 taken 7 (fallthrough)
branch  2 taken 1 (throw)
        7:  159:    cos.adaugaCarte(carte);
        7:  159-block  0
call    0 returned 7
branch  1 taken 7 (fallthrough)
branch  2 taken 0 (throw)
        7:  160:    repo.stergeCarte(carte.getId());
        7:  160-block  0
call    0 returned 7
branch  1 taken 7 (fallthrough)
branch  2 taken 0 (throw)
        7:  160-block  1
call    3 returned 7
branch  4 taken 7 (fallthrough)
branch  5 taken 0 (throw)
        7:  161:    notify();
        7:  161-block  0
call    0 returned 7
branch  1 taken 7 (fallthrough)
branch  2 taken 0 (throw)
        7:  162:}
        7:  162-block  0
call    0 returned 7
    $$$$$:  162-block  1
call    1 never executed
        -:  163:
function _ZN12CarteService12genereazaCosEiR5ListaI5CarteE called 1 returned 100% blocks executed 100%
        1:  164:void CarteService::genereazaCos(int numarCarti, Lista<Carte> &carti) {
        1:  165:    cos.genereazaCos(numarCarti, carti);
        1:  165-block  0
call    0 returned 1
        3:  166:    for (const auto& carte : cos.getAllCos()) {
call    0 returned 1
branch  1 taken 1 (fallthrough)
branch  2 taken 0 (throw)
        1:  166-block  0
call    3 returned 1
call    4 returned 1
        2:  166-block  1
call    5 returned 2
        2:  166-block  2
call    6 returned 2
        3:  166-block  3
call    7 returned 3
branch  8 taken 2
branch  9 taken 1 (fallthrough)
        2:  167:        repo.stergeCarte(carte.getId());
call    0 returned 2
branch  1 taken 2 (fallthrough)
branch  2 taken 0 (throw)
        2:  167-block  0
call    3 returned 2
branch  4 taken 2 (fallthrough)
branch  5 taken 0 (throw)
        -:  168:    }
        1:  169:    notify();
        1:  169-block  0
call    0 returned 1
        1:  170:}
        -:  171:
function _ZNK12CarteService9exportCsvERKNSt7__cxx1112basic_stringIcSt11char_traitsIcESaIcEEE called 1 returned 100% blocks executed 100%
        1:  172:void CarteService::exportCsv(const std::string &numeFisier) const {
        1:  173:    cos.exportCsv(numeFisier);
        1:  173-block  0
call    0 returned 1
        1:  174:}
        -:  175:
function _ZNK12CarteService10exportHtmlERKNSt7__cxx1112basic_stringIcSt11char_traitsIcESaIcEEE called 1 returned 100% blocks executed 100%
        1:  176:void CarteService::exportHtml(const std::string &numeFisier) const {
        1:  177:    cos.exportHtml(numeFisier);
        1:  177-block  0
call    0 returned 1
        1:  178:}
        -:  179:
function _ZNK12CarteService10getSizeCosEv called 7 returned 100% blocks executed 100%
        7:  180:int CarteService::getSizeCos() const {
        7:  181:    return cos.getSizeCos();
        7:  181-block  0
call    0 returned 7
        -:  182:}
        -:  183:
function _ZNK12CarteService9getAllCosEv called 1 returned 100% blocks executed 100%
        1:  184:const std::vector<Carte>& CarteService::getAllCos() const {
        1:  185:    return cos.getAllCos();
        1:  185-block  0
call    0 returned 1
        -:  186:}
        -:  187:
function _ZNK12CarteService13getCartiPeGenB5cxx11Ev called 1 returned 100% blocks executed 92%
        1:  188:std::map<std::string, std::vector<Carte>> CarteService::getCartiPeGen() const {
        1:  189:    std::map<std::string, std::vector<Carte>> cartiPeGen;
        1:  189-block  0
call    0 returned 1
        1:  190:    const auto &carti = repo.getCarti();
call    0 returned 1
branch  1 taken 1 (fallthrough)
branch  2 taken 0 (throw)
        -:  191:
        5:  192:    for (const auto &carte : carti) {
        1:  192-block  0
call    0 returned 1
call    1 returned 1
        4:  192-block  1
        5:  192-block  2
branch  2 taken 4
branch  3 taken 1 (fallthrough)
        4:  193:        cartiPeGen[carte.getGen()].push_back(carte);
        4:  193-block  0
call    0 returned 4
branch  1 taken 4 (fallthrough)
branch  2 taken 0 (throw)
        4:  193-block  1
call    3 returned 4
branch  4 taken 4 (fallthrough)
branch  5 taken 0 (throw)
        4:  193-block  2
call    6 returned 4
branch  7 taken 4 (fallthrough)
branch  8 taken 0 (throw)
        -:  194:    }
        -:  195:
        1:  196:    return cartiPeGen;
        1:  196-block  0
        1:  196-block  1
    =====:  197:}
    $$$$$:  197-block  0
call    0 never executed
        -:  198:
function _ZN12CarteService4undoEv called 10 returned 90% blocks executed 92%
       10:  199:void CarteService::undo() {
       10:  200:    if (undoActions.empty()) {
       10:  200-block  0
call    0 returned 10
branch  1 taken 1 (fallthrough)
branch  2 taken 9
        1:  201:        throw std::runtime_error("Nu exista actiuni de undo disponibile.");
        1:  201-block  0
call    0 returned 1
call    1 returned 1
branch  2 taken 1 (fallthrough)
branch  3 taken 0 (throw)
        1:  201-block  1
call    4 returned 0
    $$$$$:  201-block  2
call    5 never executed
        -:  202:    }
        -:  203:
        9:  204:    undoActions.back()->doUndo();
        9:  204-block  0
call    0 returned 9
call    1 returned 9
call    2 returned 9
        9:  205:    undoActions.pop_back();
call    0 returned 9
        9:  206:}
        -:  207:
function _ZNK12CarteService12getTitluByIdB5cxx11Ei called 6 returned 83% blocks executed 67%
        6:  208:std::string CarteService::getTitluById(int id) const {
        9:  209:    for (const auto &carte : repo.getCarti()) {
        6:  209-block  0
call    0 returned 6
call    1 returned 6
call    2 returned 6
        3:  209-block  1
        9:  209-block  2
branch  3 taken 8
branch  4 taken 1 (fallthrough)
        8:  210:        if (carte.getId() == id) {
        8:  210-block  0
call    0 returned 8
branch  1 taken 5 (fallthrough)
branch  2 taken 3
        5:  211:            return carte.getTitlu();
        5:  211-block  0
call    0 returned 5
call    1 returned 5
        -:  212:        }
        -:  213:    }
        -:  214:
        1:  215:    throw std::runtime_error("Cartea cu id-ul " + std::to_string(id) + " nu a fost gasita.");
        1:  215-block  0
call    0 returned 1
call    1 returned 1
call    2 returned 1
branch  3 taken 1 (fallthrough)
branch  4 taken 0 (throw)
        1:  215-block  1
call    5 returned 1
branch  6 taken 1 (fallthrough)
branch  7 taken 0 (throw)
        1:  215-block  2
call    8 returned 1
branch  9 taken 1 (fallthrough)
branch 10 taken 0 (throw)
        1:  215-block  3
call   11 returned 1
call   12 returned 1
call   13 returned 1
call   14 returned 0
    $$$$$:  215-block  4
call   15 never executed
    $$$$$:  215-block  5
call   16 never executed
    $$$$$:  215-block  6
call   17 never executed
    $$$$$:  215-block  7
    $$$$$:  215-block  8
    $$$$$:  215-block  9
    $$$$$:  215-block 10
call   18 never executed
        -:  216:}
        -:  217:
function _ZN12CarteService11addObserverEP8Observer called 0 returned 0% blocks executed 0%
    #####:  218:void CarteService::addObserver(Observer* observer) {
    #####:  219:    cos.addObserver(observer);
    %%%%%:  219-block  0
call    0 never executed
    #####:  220:}
        -:  221:
function _ZN12CarteService14removeObserverEP8Observer called 0 returned 0% blocks executed 0%
    #####:  222:void CarteService::removeObserver(Observer* observer) {
    #####:  223:    cos.removeObserver(observer);
    %%%%%:  223-block  0
call    0 never executed
    #####:  224:}
        -:  225:
function _ZN12CarteService6notifyEv called 9 returned 100% blocks executed 70%
        9:  226:void CarteService::notify() {
        9:  227:    cos.notify();
        9:  227-block  0
call    0 returned 9
       9*:  228:    for (auto& observer : observers) {
call    0 returned 9
call    1 returned 9
    %%%%%:  228-block  0
call    2 never executed
    %%%%%:  228-block  1
call    3 never executed
        9:  228-block  2
call    4 returned 9
branch  5 taken 0
branch  6 taken 9 (fallthrough)
    #####:  229:        observer->update();
call    0 never executed
branch  1 never executed (fallthrough)
branch  2 never executed (throw)
        -:  230:    }
        9:  231:}
        9:  231-block  0
