        -:    0:Source:D:/Facultate/Anul_1_Sem_2/OOP/Lab/Lab_10-11/cmake-build-debug-coverage/Lab_6_7_autogen/Z5D6VF4H2M/moc_mainwindow.cpp
        -:    0:Graph:D:\Facultate\Anul_1_Sem_2\OOP\Lab\Lab_10-11\cmake-build-debug-coverage\CMakeFiles\Lab_6_7.dir\Lab_6_7_autogen\mocs_compilation.cpp.gcno
        -:    0:Data:D:\Facultate\Anul_1_Sem_2\OOP\Lab\Lab_10-11\cmake-build-debug-coverage\CMakeFiles\Lab_6_7.dir\Lab_6_7_autogen\mocs_compilation.cpp.gcda
        -:    0:Runs:1
        -:    1:/****************************************************************************
        -:    2:** Meta object code from reading C++ file 'mainwindow.h'
        -:    3:**
        -:    4:** Created by: The Qt Meta Object Compiler version 69 (Qt 6.9.0)
        -:    5:**
        -:    6:** WARNING! All changes made in this file will be lost!
        -:    7:*****************************************************************************/
        -:    8:
        -:    9:#include "../../../windows/mainwindow.h"
        -:   10:#include <QtGui/qtextcursor.h>
        -:   11:#include <QtCore/qmetatype.h>
        -:   12:
        -:   13:#include <QtCore/qtmochelpers.h>
        -:   14:
        -:   15:#include <memory>
        -:   16:
        -:   17:
        -:   18:#include <QtCore/qxptype_traits.h>
        -:   19:#if !defined(Q_MOC_OUTPUT_REVISION)
        -:   20:#error "The header file 'mainwindow.h' doesn't include <QObject>."
        -:   21:#elif Q_MOC_OUTPUT_REVISION != 69
        -:   22:#error "This file was generated using the moc from 6.9.0. It"
        -:   23:#error "cannot be used with the include files from this version of Qt."
        -:   24:#error "(The moc has changed too much.)"
        -:   25:#endif
        -:   26:
        -:   27:#ifndef Q_CONSTINIT
        -:   28:#define Q_CONSTINIT
        -:   29:#endif
        -:   30:
        -:   31:QT_WARNING_PUSH
        -:   32:QT_WARNING_DISABLE_DEPRECATED
        -:   33:QT_WARNING_DISABLE_GCC("-Wuseless-cast")
        -:   34:namespace {
        -:   35:struct qt_meta_tag_ZN10MainWindowE_t {};
        -:   36:} // unnamed namespace
        -:   37:
        -:   38:template <> constexpr inline auto MainWindow::qt_create_metaobjectdata<qt_meta_tag_ZN10MainWindowE_t>()
        -:   39:{
        -:   40:    namespace QMC = QtMocConstants;
        -:   41:    QtMocHelpers::StringRefStorage qt_stringData {
        -:   42:        "MainWindow",
        -:   43:        "adaugaCarte",
        -:   44:        "",
        -:   45:        "stergeCarte",
        -:   46:        "modificaCarte",
        -:   47:        "filtreazaDupaTitlu",
        -:   48:        "filtreazaDupaAn",
        -:   49:        "sorteazaCarti",
        -:   50:        "undo",
        -:   51:        "confirmExit",
        -:   52:        "afiseazaCartiPeGen",
        -:   53:        "updateButoaneGen"
        -:   54:    };
        -:   55:
        -:   56:    QtMocHelpers::UintData qt_methods {
        -:   57:        // Slot 'adaugaCarte'
        -:   58:        QtMocHelpers::SlotData<void()>(1, 2, QMC::AccessPrivate, QMetaType::Void),
        -:   59:        // Slot 'stergeCarte'
        -:   60:        QtMocHelpers::SlotData<void()>(3, 2, QMC::AccessPrivate, QMetaType::Void),
        -:   61:        // Slot 'modificaCarte'
        -:   62:        QtMocHelpers::SlotData<void()>(4, 2, QMC::AccessPrivate, QMetaType::Void),
        -:   63:        // Slot 'filtreazaDupaTitlu'
        -:   64:        QtMocHelpers::SlotData<void()>(5, 2, QMC::AccessPrivate, QMetaType::Void),
        -:   65:        // Slot 'filtreazaDupaAn'
        -:   66:        QtMocHelpers::SlotData<void()>(6, 2, QMC::AccessPrivate, QMetaType::Void),
        -:   67:        // Slot 'sorteazaCarti'
        -:   68:        QtMocHelpers::SlotData<void()>(7, 2, QMC::AccessPrivate, QMetaType::Void),
        -:   69:        // Slot 'undo'
        -:   70:        QtMocHelpers::SlotData<void()>(8, 2, QMC::AccessPrivate, QMetaType::Void),
        -:   71:        // Slot 'confirmExit'
        -:   72:        QtMocHelpers::SlotData<void()>(9, 2, QMC::AccessPrivate, QMetaType::Void),
        -:   73:        // Slot 'afiseazaCartiPeGen'
        -:   74:        QtMocHelpers::SlotData<void()>(10, 2, QMC::AccessPrivate, QMetaType::Void),
        -:   75:        // Slot 'updateButoaneGen'
        -:   76:        QtMocHelpers::SlotData<void()>(11, 2, QMC::AccessPrivate, QMetaType::Void),
        -:   77:    };
        -:   78:    QtMocHelpers::UintData qt_properties {
        -:   79:    };
        -:   80:    QtMocHelpers::UintData qt_enums {
        -:   81:    };
        -:   82:    return QtMocHelpers::metaObjectData<MainWindow, qt_meta_tag_ZN10MainWindowE_t>(QMC::MetaObjectFlag{}, qt_stringData,
        -:   83:            qt_methods, qt_properties, qt_enums);
        -:   84:}
        -:   85:Q_CONSTINIT const QMetaObject MainWindow::staticMetaObject = { {
        -:   86:    QMetaObject::SuperData::link<QMainWindow::staticMetaObject>(),
        -:   87:    qt_staticMetaObjectStaticContent<qt_meta_tag_ZN10MainWindowE_t>.stringdata,
        -:   88:    qt_staticMetaObjectStaticContent<qt_meta_tag_ZN10MainWindowE_t>.data,
        -:   89:    qt_static_metacall,
        -:   90:    nullptr,
        -:   91:    qt_staticMetaObjectRelocatingContent<qt_meta_tag_ZN10MainWindowE_t>.metaTypes,
        -:   92:    nullptr
        -:   93:} };
        -:   94:
function _ZN10MainWindow18qt_static_metacallEP7QObjectN11QMetaObject4CallEiPPv called 0 returned 0% blocks executed 0%
    #####:   95:void MainWindow::qt_static_metacall(QObject *_o, QMetaObject::Call _c, int _id, void **_a)
        -:   96:{
    #####:   97:    auto *_t = static_cast<MainWindow *>(_o);
    #####:   98:    if (_c == QMetaObject::InvokeMetaMethod) {
    %%%%%:   98-block  0
branch  0 never executed (fallthrough)
branch  1 never executed
    #####:   99:        switch (_id) {
    %%%%%:   99-block  0
branch  0 never executed
branch  1 never executed
branch  2 never executed
branch  3 never executed
branch  4 never executed
branch  5 never executed
branch  6 never executed
branch  7 never executed
branch  8 never executed
branch  9 never executed
branch 10 never executed
    #####:  100:        case 0: _t->adaugaCarte(); break;
    %%%%%:  100-block  0
call    0 never executed
    #####:  101:        case 1: _t->stergeCarte(); break;
    %%%%%:  101-block  0
call    0 never executed
    #####:  102:        case 2: _t->modificaCarte(); break;
    %%%%%:  102-block  0
call    0 never executed
    #####:  103:        case 3: _t->filtreazaDupaTitlu(); break;
    %%%%%:  103-block  0
call    0 never executed
    #####:  104:        case 4: _t->filtreazaDupaAn(); break;
    %%%%%:  104-block  0
call    0 never executed
    #####:  105:        case 5: _t->sorteazaCarti(); break;
    %%%%%:  105-block  0
call    0 never executed
    #####:  106:        case 6: _t->undo(); break;
    %%%%%:  106-block  0
call    0 never executed
    #####:  107:        case 7: _t->confirmExit(); break;
    %%%%%:  107-block  0
call    0 never executed
    #####:  108:        case 8: _t->afiseazaCartiPeGen(); break;
    %%%%%:  108-block  0
call    0 never executed
    #####:  109:        case 9: _t->updateButoaneGen(); break;
    %%%%%:  109-block  0
call    0 never executed
    #####:  110:        default: ;
    %%%%%:  110-block  0
        -:  111:        }
        -:  112:    }
        -:  113:    (void)_a;
    #####:  114:}
        -:  115:
function _ZNK10MainWindow10metaObjectEv called 219 returned 100% blocks executed 62%
      219:  116:const QMetaObject *MainWindow::metaObject() const
        -:  117:{
     219*:  118:    return QObject::d_ptr->metaObject ? QObject::d_ptr->dynamicMetaObject() : &staticMetaObject;
      219:  118-block  0
call    0 returned 219
branch  1 taken 0 (fallthrough)
branch  2 taken 219
    %%%%%:  118-block  1
call    3 never executed
call    4 never executed
      219:  118-block  2
      219:  118-block  3
        -:  119:}
        -:  120:
function _ZN10MainWindow11qt_metacastEPKc called 8 returned 100% blocks executed 71%
        8:  121:void *MainWindow::qt_metacast(const char *_clname)
        -:  122:{
       8*:  123:    if (!_clname) return nullptr;
        8:  123-block  0
branch  0 taken 0 (fallthrough)
branch  1 taken 8
    %%%%%:  123-block  1
        8:  124:    if (!strcmp(_clname, qt_staticMetaObjectStaticContent<qt_meta_tag_ZN10MainWindowE_t>.strings))
        8:  124-block  0
branch  0 taken 0 (fallthrough)
branch  1 taken 8
    #####:  125:        return static_cast<void*>(this);
    %%%%%:  125-block  0
        8:  126:    return QMainWindow::qt_metacast(_clname);
        8:  126-block  0
call    0 returned 8
        -:  127:}
        -:  128:
function _ZN10MainWindow11qt_metacallEN11QMetaObject4CallEiPPv called 0 returned 0% blocks executed 0%
    #####:  129:int MainWindow::qt_metacall(QMetaObject::Call _c, int _id, void **_a)
        -:  130:{
    #####:  131:    _id = QMainWindow::qt_metacall(_c, _id, _a);
    %%%%%:  131-block  0
call    0 never executed
    #####:  132:    if (_id < 0)
branch  0 never executed (fallthrough)
branch  1 never executed
    #####:  133:        return _id;
    %%%%%:  133-block  0
    #####:  134:    if (_c == QMetaObject::InvokeMetaMethod) {
    %%%%%:  134-block  0
branch  0 never executed (fallthrough)
branch  1 never executed
    #####:  135:        if (_id < 10)
    %%%%%:  135-block  0
branch  0 never executed (fallthrough)
branch  1 never executed
    #####:  136:            qt_static_metacall(this, _c, _id, _a);
    %%%%%:  136-block  0
call    0 never executed
    #####:  137:        _id -= 10;
    %%%%%:  137-block  0
        -:  138:    }
    #####:  139:    if (_c == QMetaObject::RegisterMethodArgumentMetaType) {
    %%%%%:  139-block  0
branch  0 never executed (fallthrough)
branch  1 never executed
    #####:  140:        if (_id < 10)
    %%%%%:  140-block  0
branch  0 never executed (fallthrough)
branch  1 never executed
    #####:  141:            *reinterpret_cast<QMetaType *>(_a[0]) = QMetaType();
    %%%%%:  141-block  0
call    0 never executed
    #####:  142:        _id -= 10;
    %%%%%:  142-block  0
        -:  143:    }
    #####:  144:    return _id;
    %%%%%:  144-block  0
        -:  145:}
        -:  146:QT_WARNING_POP
